app/build/intermediates/manifest_merge_blame_file/debug/manifest-merger-blame-debug-report.txt
1<?xml version="1.0" encoding="utf-8"?>
2<manifest xmlns:android="http://schemas.android.com/apk/res/android"
3    package="com.example.mess_mealmangement"
4    android:versionCode="1"
5    android:versionName="1.0" >
6
7    <uses-sdk
8        android:minSdkVersion="21"
8-->src\main\AndroidManifest.xml
9        android:targetSdkVersion="29" />
9-->src\main\AndroidManifest.xml
10
11    <uses-permission android:name="android.permission.INTERNET" />
11-->src\main\AndroidManifest.xml:6:5-67
11-->src\main\AndroidManifest.xml:6:22-64
12    <uses-permission android:name="android.permission.ACCESS_NETWORK_STATE" />
12-->[com.firebaseui:firebase-ui-auth:6.2.0] AndroidManifest.xml:12:5-79
12-->[com.firebaseui:firebase-ui-auth:6.2.0] AndroidManifest.xml:12:22-76
13    <uses-permission android:name="android.permission.WAKE_LOCK" /> <!-- Required by older versions of Google Play services to create IID tokens -->
13-->[com.google.android.gms:play-services-measurement-api:17.2.2] AndroidManifest.xml:24:5-68
13-->[com.google.android.gms:play-services-measurement-api:17.2.2] AndroidManifest.xml:24:22-65
14    <uses-permission android:name="com.google.android.c2dm.permission.RECEIVE" />
14-->[com.google.firebase:firebase-iid:20.0.2] AndroidManifest.xml:26:5-82
14-->[com.google.firebase:firebase-iid:20.0.2] AndroidManifest.xml:26:22-79
15    <uses-permission android:name="com.google.android.finsky.permission.BIND_GET_INSTALL_REFERRER_SERVICE" />
15-->[com.google.android.gms:play-services-measurement:17.2.2] AndroidManifest.xml:26:5-110
15-->[com.google.android.gms:play-services-measurement:17.2.2] AndroidManifest.xml:26:22-107
16
17    <application
17-->src\main\AndroidManifest.xml:8:5-45:19
18        android:allowBackup="true"
18-->src\main\AndroidManifest.xml:9:9-35
19        android:appComponentFactory="androidx.core.app.CoreComponentFactory"
19-->[androidx.core:core:1.1.0] AndroidManifest.xml:24:18-86
20        android:debuggable="true"
21        android:icon="@mipmap/manager"
21-->src\main\AndroidManifest.xml:10:9-39
22        android:label="@string/app_name"
22-->src\main\AndroidManifest.xml:11:9-41
23        android:roundIcon="@mipmap/manager"
23-->src\main\AndroidManifest.xml:12:9-44
24        android:supportsRtl="true"
24-->src\main\AndroidManifest.xml:13:9-35
25        android:testOnly="true"
26        android:theme="@style/AppTheme" >
26-->src\main\AndroidManifest.xml:14:9-40
27        <activity android:name="com.example.mess_mealmangement.ChooseMessActivity" />
27-->src\main\AndroidManifest.xml:15:9-65
27-->src\main\AndroidManifest.xml:15:19-53
28
29        <service
29-->src\main\AndroidManifest.xml:16:9-22:19
30            android:name="com.example.mess_mealmangement.FirebaseMessagingService"
30-->src\main\AndroidManifest.xml:17:13-53
31            android:exported="false" >
31-->src\main\AndroidManifest.xml:18:13-37
32            <intent-filter>
32-->src\main\AndroidManifest.xml:19:13-21:29
33                <action android:name="com.google.firebase.MESSAGING_EVENT" />
33-->src\main\AndroidManifest.xml:20:17-78
33-->src\main\AndroidManifest.xml:20:25-75
34            </intent-filter>
35        </service>
36
37        <meta-data
37-->src\main\AndroidManifest.xml:23:9-25:71
38            android:name="com.google.firebase.messaging.default_notification_channel_id"
38-->src\main\AndroidManifest.xml:24:13-89
39            android:value="@string/default_notification_channel_id" />
39-->src\main\AndroidManifest.xml:25:13-68
40
41        <activity android:name="com.example.mess_mealmangement.LoginActivity" />
41-->src\main\AndroidManifest.xml:26:9-51
41-->src\main\AndroidManifest.xml:26:19-48
42        <activity android:name="com.example.mess_mealmangement.RegisterActivity" />
42-->src\main\AndroidManifest.xml:27:9-54
42-->src\main\AndroidManifest.xml:27:19-51
43        <activity android:name="com.example.mess_mealmangement.StatusActivity" />
43-->src\main\AndroidManifest.xml:28:9-52
43-->src\main\AndroidManifest.xml:28:19-49
44        <activity android:name="com.example.mess_mealmangement.AddTransactionActivity" />
44-->src\main\AndroidManifest.xml:29:9-60
44-->src\main\AndroidManifest.xml:29:19-57
45        <activity android:name="com.example.mess_mealmangement.MessBookActivity" />
45-->src\main\AndroidManifest.xml:30:9-54
45-->src\main\AndroidManifest.xml:30:19-51
46        <activity android:name="com.example.mess_mealmangement.EditMenuActivity" />
46-->src\main\AndroidManifest.xml:31:9-54
46-->src\main\AndroidManifest.xml:31:19-51
47        <activity android:name="com.example.mess_mealmangement.ManagerActivity" />
47-->src\main\AndroidManifest.xml:32:9-53
47-->src\main\AndroidManifest.xml:32:19-50
48        <activity android:name="com.example.mess_mealmangement.CreateProfileActivity" />
48-->src\main\AndroidManifest.xml:33:9-59
48-->src\main\AndroidManifest.xml:33:19-56
49        <activity android:name="com.example.mess_mealmangement.CreateMessActivity" />
49-->src\main\AndroidManifest.xml:34:9-56
49-->src\main\AndroidManifest.xml:34:19-53
50        <activity android:name="com.example.mess_mealmangement.JoinMessActivity" />
50-->src\main\AndroidManifest.xml:35:9-54
50-->src\main\AndroidManifest.xml:35:19-51
51        <activity android:name="com.example.mess_mealmangement.MealMenuActivity" />
51-->src\main\AndroidManifest.xml:36:9-54
51-->src\main\AndroidManifest.xml:36:19-51
52        <activity android:name="com.example.mess_mealmangement.MainActivity" />
52-->src\main\AndroidManifest.xml:37:9-50
52-->src\main\AndroidManifest.xml:37:19-47
53        <activity android:name="com.example.mess_mealmangement.StartActivity" >
53-->src\main\AndroidManifest.xml:38:9-44:20
53-->src\main\AndroidManifest.xml:38:19-48
54            <intent-filter>
54-->src\main\AndroidManifest.xml:39:13-43:29
55                <action android:name="android.intent.action.MAIN" />
55-->src\main\AndroidManifest.xml:40:17-69
55-->src\main\AndroidManifest.xml:40:25-66
56
57                <category android:name="android.intent.category.LAUNCHER" />
57-->src\main\AndroidManifest.xml:42:17-77
57-->src\main\AndroidManifest.xml:42:27-74
58            </intent-filter>
59        </activity>
60
61        <meta-data
61-->[com.firebaseui:firebase-ui-auth:6.2.0] AndroidManifest.xml:16:9-18:69
62            android:name="com.google.android.gms.version"
62-->[com.firebaseui:firebase-ui-auth:6.2.0] AndroidManifest.xml:17:13-58
63            android:value="@integer/google_play_services_version" />
63-->[com.firebaseui:firebase-ui-auth:6.2.0] AndroidManifest.xml:18:13-66
64        <meta-data
64-->[com.firebaseui:firebase-ui-auth:6.2.0] AndroidManifest.xml:19:9-21:63
65            android:name="com.facebook.sdk.ApplicationId"
65-->[com.firebaseui:firebase-ui-auth:6.2.0] AndroidManifest.xml:20:13-58
66            android:value="@string/facebook_application_id" />
66-->[com.firebaseui:firebase-ui-auth:6.2.0] AndroidManifest.xml:21:13-60
67
68        <activity
68-->[com.firebaseui:firebase-ui-auth:6.2.0] AndroidManifest.xml:23:9-27:61
69            android:name="com.firebase.ui.auth.KickoffActivity"
69-->[com.firebaseui:firebase-ui-auth:6.2.0] AndroidManifest.xml:24:13-64
70            android:exported="false"
70-->[com.firebaseui:firebase-ui-auth:6.2.0] AndroidManifest.xml:25:13-37
71            android:label=""
71-->[com.firebaseui:firebase-ui-auth:6.2.0] AndroidManifest.xml:26:13-29
72            android:theme="@style/FirebaseUI.Transparent" />
72-->[com.firebaseui:firebase-ui-auth:6.2.0] AndroidManifest.xml:27:13-58
73        <activity
73-->[com.firebaseui:firebase-ui-auth:6.2.0] AndroidManifest.xml:28:9-32:61
74            android:name="com.firebase.ui.auth.ui.idp.SingleSignInActivity"
74-->[com.firebaseui:firebase-ui-auth:6.2.0] AndroidManifest.xml:29:13-76
75            android:exported="false"
75-->[com.firebaseui:firebase-ui-auth:6.2.0] AndroidManifest.xml:30:13-37
76            android:label=""
76-->[com.firebaseui:firebase-ui-auth:6.2.0] AndroidManifest.xml:31:13-29
77            android:theme="@style/FirebaseUI.Transparent" />
77-->[com.firebaseui:firebase-ui-auth:6.2.0] AndroidManifest.xml:32:13-58
78        <activity
78-->[com.firebaseui:firebase-ui-auth:6.2.0] AndroidManifest.xml:33:9-37:61
79            android:name="com.firebase.ui.auth.ui.credentials.CredentialSaveActivity"
79-->[com.firebaseui:firebase-ui-auth:6.2.0] AndroidManifest.xml:34:13-86
80            android:exported="false"
80-->[com.firebaseui:firebase-ui-auth:6.2.0] AndroidManifest.xml:35:13-37
81            android:label=""
81-->[com.firebaseui:firebase-ui-auth:6.2.0] AndroidManifest.xml:36:13-29
82            android:theme="@style/FirebaseUI.Transparent" />
82-->[com.firebaseui:firebase-ui-auth:6.2.0] AndroidManifest.xml:37:13-58
83        <activity
83-->[com.firebaseui:firebase-ui-auth:6.2.0] AndroidManifest.xml:38:9-42:58
84            android:name="com.firebase.ui.auth.ui.email.RecoverPasswordActivity"
84-->[com.firebaseui:firebase-ui-auth:6.2.0] AndroidManifest.xml:39:13-81
85            android:exported="false"
85-->[com.firebaseui:firebase-ui-auth:6.2.0] AndroidManifest.xml:40:13-37
86            android:label="@string/fui_title_recover_password_activity"
86-->[com.firebaseui:firebase-ui-auth:6.2.0] AndroidManifest.xml:41:13-72
87            android:windowSoftInputMode="adjustResize" />
87-->[com.firebaseui:firebase-ui-auth:6.2.0] AndroidManifest.xml:42:13-55
88        <activity
88-->[com.firebaseui:firebase-ui-auth:6.2.0] AndroidManifest.xml:43:9-47:58
89            android:name="com.firebase.ui.auth.ui.email.EmailActivity"
89-->[com.firebaseui:firebase-ui-auth:6.2.0] AndroidManifest.xml:44:13-71
90            android:exported="false"
90-->[com.firebaseui:firebase-ui-auth:6.2.0] AndroidManifest.xml:45:13-37
91            android:label="@string/fui_sign_in_default"
91-->[com.firebaseui:firebase-ui-auth:6.2.0] AndroidManifest.xml:46:13-56
92            android:windowSoftInputMode="adjustResize" />
92-->[com.firebaseui:firebase-ui-auth:6.2.0] AndroidManifest.xml:47:13-55
93        <activity
93-->[com.firebaseui:firebase-ui-auth:6.2.0] AndroidManifest.xml:48:9-52:77
94            android:name="com.firebase.ui.auth.ui.phone.PhoneActivity"
94-->[com.firebaseui:firebase-ui-auth:6.2.0] AndroidManifest.xml:49:13-71
95            android:exported="false"
95-->[com.firebaseui:firebase-ui-auth:6.2.0] AndroidManifest.xml:50:13-37
96            android:label="@string/fui_sign_in_with_phone_number"
96-->[com.firebaseui:firebase-ui-auth:6.2.0] AndroidManifest.xml:51:13-66
97            android:windowSoftInputMode="adjustResize|stateAlwaysVisible" />
97-->[com.firebaseui:firebase-ui-auth:6.2.0] AndroidManifest.xml:52:13-74
98        <activity
98-->[com.firebaseui:firebase-ui-auth:6.2.0] AndroidManifest.xml:53:9-57:58
99            android:name="com.firebase.ui.auth.ui.idp.WelcomeBackIdpPrompt"
99-->[com.firebaseui:firebase-ui-auth:6.2.0] AndroidManifest.xml:54:13-76
100            android:exported="false"
100-->[com.firebaseui:firebase-ui-auth:6.2.0] AndroidManifest.xml:55:13-37
101            android:label="@string/fui_title_welcome_back_idp_prompt"
101-->[com.firebaseui:firebase-ui-auth:6.2.0] AndroidManifest.xml:56:13-70
102            android:windowSoftInputMode="adjustResize" />
102-->[com.firebaseui:firebase-ui-auth:6.2.0] AndroidManifest.xml:57:13-55
103        <activity
103-->[com.firebaseui:firebase-ui-auth:6.2.0] AndroidManifest.xml:58:9-62:58
104            android:name="com.firebase.ui.auth.ui.email.WelcomeBackPasswordPrompt"
104-->[com.firebaseui:firebase-ui-auth:6.2.0] AndroidManifest.xml:59:13-83
105            android:exported="false"
105-->[com.firebaseui:firebase-ui-auth:6.2.0] AndroidManifest.xml:60:13-37
106            android:label="@string/fui_title_welcome_back_password_prompt"
106-->[com.firebaseui:firebase-ui-auth:6.2.0] AndroidManifest.xml:61:13-75
107            android:windowSoftInputMode="adjustResize" />
107-->[com.firebaseui:firebase-ui-auth:6.2.0] AndroidManifest.xml:62:13-55
108        <activity
108-->[com.firebaseui:firebase-ui-auth:6.2.0] AndroidManifest.xml:63:9-67:58
109            android:name="com.firebase.ui.auth.ui.email.WelcomeBackEmailLinkPrompt"
109-->[com.firebaseui:firebase-ui-auth:6.2.0] AndroidManifest.xml:64:13-84
110            android:exported="false"
110-->[com.firebaseui:firebase-ui-auth:6.2.0] AndroidManifest.xml:65:13-37
111            android:label="@string/fui_title_welcome_back_password_prompt"
111-->[com.firebaseui:firebase-ui-auth:6.2.0] AndroidManifest.xml:66:13-75
112            android:windowSoftInputMode="adjustResize" />
112-->[com.firebaseui:firebase-ui-auth:6.2.0] AndroidManifest.xml:67:13-55
113        <activity
113-->[com.firebaseui:firebase-ui-auth:6.2.0] AndroidManifest.xml:68:9-73:58
114            android:name="com.firebase.ui.auth.ui.email.EmailLinkCatcherActivity"
114-->[com.firebaseui:firebase-ui-auth:6.2.0] AndroidManifest.xml:69:13-82
115            android:exported="false"
115-->[com.firebaseui:firebase-ui-auth:6.2.0] AndroidManifest.xml:70:13-37
116            android:label=""
116-->[com.firebaseui:firebase-ui-auth:6.2.0] AndroidManifest.xml:71:13-29
117            android:theme="@style/FirebaseUI.Transparent"
117-->[com.firebaseui:firebase-ui-auth:6.2.0] AndroidManifest.xml:72:13-58
118            android:windowSoftInputMode="adjustResize" />
118-->[com.firebaseui:firebase-ui-auth:6.2.0] AndroidManifest.xml:73:13-55
119        <activity
119-->[com.firebaseui:firebase-ui-auth:6.2.0] AndroidManifest.xml:74:9-78:58
120            android:name="com.firebase.ui.auth.ui.email.EmailLinkErrorRecoveryActivity"
120-->[com.firebaseui:firebase-ui-auth:6.2.0] AndroidManifest.xml:75:13-88
121            android:exported="false"
121-->[com.firebaseui:firebase-ui-auth:6.2.0] AndroidManifest.xml:76:13-37
122            android:label="@string/fui_sign_in_default"
122-->[com.firebaseui:firebase-ui-auth:6.2.0] AndroidManifest.xml:77:13-56
123            android:windowSoftInputMode="adjustResize" />
123-->[com.firebaseui:firebase-ui-auth:6.2.0] AndroidManifest.xml:78:13-55
124        <activity
124-->[com.firebaseui:firebase-ui-auth:6.2.0] AndroidManifest.xml:79:9-82:65
125            android:name="com.firebase.ui.auth.ui.idp.AuthMethodPickerActivity"
125-->[com.firebaseui:firebase-ui-auth:6.2.0] AndroidManifest.xml:80:13-80
126            android:exported="false"
126-->[com.firebaseui:firebase-ui-auth:6.2.0] AndroidManifest.xml:81:13-37
127            android:label="@string/fui_default_toolbar_title" />
127-->[com.firebaseui:firebase-ui-auth:6.2.0] AndroidManifest.xml:82:13-62
128        <activity
128-->[com.firebaseui:firebase-ui-auth:6.2.0] AndroidManifest.xml:83:9-87:48
129            android:name="com.facebook.FacebookActivity"
129-->[com.firebaseui:firebase-ui-auth:6.2.0] AndroidManifest.xml:84:13-57
130            android:configChanges="keyboard|keyboardHidden|screenLayout|screenSize|orientation"
130-->[com.firebaseui:firebase-ui-auth:6.2.0] AndroidManifest.xml:85:13-96
131            android:label="@string/app_name" />
131-->[com.firebaseui:firebase-ui-auth:6.2.0] AndroidManifest.xml:86:13-45
132        <activity
132-->[com.firebaseui:firebase-ui-auth:6.2.0] AndroidManifest.xml:88:9-100:20
133            android:name="com.facebook.CustomTabActivity"
133-->[com.firebaseui:firebase-ui-auth:6.2.0] AndroidManifest.xml:89:13-58
134            android:exported="true" >
134-->[com.firebaseui:firebase-ui-auth:6.2.0] AndroidManifest.xml:90:13-36
135            <intent-filter>
135-->[com.firebaseui:firebase-ui-auth:6.2.0] AndroidManifest.xml:92:13-99:29
136                <action android:name="android.intent.action.VIEW" />
136-->[com.firebaseui:firebase-ui-auth:6.2.0] AndroidManifest.xml:93:17-69
136-->[com.firebaseui:firebase-ui-auth:6.2.0] AndroidManifest.xml:93:25-66
137
138                <category android:name="android.intent.category.DEFAULT" />
138-->[com.firebaseui:firebase-ui-auth:6.2.0] AndroidManifest.xml:95:17-76
138-->[com.firebaseui:firebase-ui-auth:6.2.0] AndroidManifest.xml:95:27-73
139                <category android:name="android.intent.category.BROWSABLE" />
139-->[com.firebaseui:firebase-ui-auth:6.2.0] AndroidManifest.xml:96:17-78
139-->[com.firebaseui:firebase-ui-auth:6.2.0] AndroidManifest.xml:96:27-75
140
141                <data android:scheme="@string/facebook_login_protocol_scheme" />
141-->[com.firebaseui:firebase-ui-auth:6.2.0] AndroidManifest.xml:98:17-81
141-->[com.firebaseui:firebase-ui-auth:6.2.0] AndroidManifest.xml:98:23-78
142            </intent-filter>
143        </activity>
144
145        <provider
145-->[com.firebaseui:firebase-ui-auth:6.2.0] AndroidManifest.xml:102:9-106:38
146            android:name="com.firebase.ui.auth.data.client.AuthUiInitProvider"
146-->[com.firebaseui:firebase-ui-auth:6.2.0] AndroidManifest.xml:103:13-79
147            android:authorities="com.example.mess_mealmangement.authuiinitprovider"
147-->[com.firebaseui:firebase-ui-auth:6.2.0] AndroidManifest.xml:104:13-70
148            android:exported="false"
148-->[com.firebaseui:firebase-ui-auth:6.2.0] AndroidManifest.xml:105:13-37
149            android:initOrder="90" />
149-->[com.firebaseui:firebase-ui-auth:6.2.0] AndroidManifest.xml:106:13-35
150        <!--
151             FirebaseMessagingService performs security checks at runtime,
152             but set to not exported to explicitly avoid allowing another app to call it.
153        -->
154        <service
154-->[com.google.firebase:firebase-messaging:20.1.0] AndroidManifest.xml:28:9-34:19
155            android:name="com.google.firebase.messaging.FirebaseMessagingService"
155-->[com.google.firebase:firebase-messaging:20.1.0] AndroidManifest.xml:29:13-82
156            android:exported="false" >
156-->[com.google.firebase:firebase-messaging:20.1.0] AndroidManifest.xml:30:13-37
157            <intent-filter android:priority="-500" >
157-->src\main\AndroidManifest.xml:19:13-21:29
158                <action android:name="com.google.firebase.MESSAGING_EVENT" />
158-->src\main\AndroidManifest.xml:20:17-78
158-->src\main\AndroidManifest.xml:20:25-75
159            </intent-filter>
160        </service>
161        <service
161-->[com.google.firebase:firebase-messaging:20.1.0] AndroidManifest.xml:35:9-41:19
162            android:name="com.google.firebase.components.ComponentDiscoveryService"
162-->[com.google.firebase:firebase-messaging:20.1.0] AndroidManifest.xml:36:13-84
163            android:directBootAware="true"
163-->[com.google.firebase:firebase-common:19.3.0] AndroidManifest.xml:34:13-43
164            android:exported="false" >
164-->[com.google.firebase:firebase-messaging:20.1.0] AndroidManifest.xml:37:13-37
165            <meta-data
165-->[com.google.firebase:firebase-messaging:20.1.0] AndroidManifest.xml:38:13-40:85
166                android:name="com.google.firebase.components:com.google.firebase.messaging.FirebaseMessagingRegistrar"
166-->[com.google.firebase:firebase-messaging:20.1.0] AndroidManifest.xml:39:17-119
167                android:value="com.google.firebase.components.ComponentRegistrar" />
167-->[com.google.firebase:firebase-messaging:20.1.0] AndroidManifest.xml:40:17-82
168            <meta-data
168-->[com.google.firebase:firebase-firestore:21.4.0] AndroidManifest.xml:20:13-22:85
169                android:name="com.google.firebase.components:com.google.firebase.firestore.FirestoreRegistrar"
169-->[com.google.firebase:firebase-firestore:21.4.0] AndroidManifest.xml:21:17-111
170                android:value="com.google.firebase.components.ComponentRegistrar" />
170-->[com.google.firebase:firebase-firestore:21.4.0] AndroidManifest.xml:22:17-82
171            <meta-data
171-->[com.google.firebase:firebase-storage:19.1.1] AndroidManifest.xml:33:13-35:85
172                android:name="com.google.firebase.components:com.google.firebase.storage.StorageRegistrar"
172-->[com.google.firebase:firebase-storage:19.1.1] AndroidManifest.xml:34:17-107
173                android:value="com.google.firebase.components.ComponentRegistrar" />
173-->[com.google.firebase:firebase-storage:19.1.1] AndroidManifest.xml:35:17-82
174            <meta-data
174-->[com.google.firebase:firebase-database:19.2.1] AndroidManifest.xml:32:13-34:85
175                android:name="com.google.firebase.components:com.google.firebase.database.DatabaseRegistrar"
175-->[com.google.firebase:firebase-database:19.2.1] AndroidManifest.xml:33:17-109
176                android:value="com.google.firebase.components.ComponentRegistrar" />
176-->[com.google.firebase:firebase-database:19.2.1] AndroidManifest.xml:34:17-82
177            <meta-data
177-->[com.google.firebase:firebase-auth:19.2.0] AndroidManifest.xml:36:13-38:85
178                android:name="com.google.firebase.components:com.google.firebase.auth.FirebaseAuthRegistrar"
178-->[com.google.firebase:firebase-auth:19.2.0] AndroidManifest.xml:37:17-109
179                android:value="com.google.firebase.components.ComponentRegistrar" />
179-->[com.google.firebase:firebase-auth:19.2.0] AndroidManifest.xml:38:17-82
180            <meta-data
180-->[com.google.firebase:firebase-datatransport:17.0.3] AndroidManifest.xml:28:13-30:85
181                android:name="com.google.firebase.components:com.google.firebase.datatransport.TransportRegistrar"
181-->[com.google.firebase:firebase-datatransport:17.0.3] AndroidManifest.xml:29:17-115
182                android:value="com.google.firebase.components.ComponentRegistrar" />
182-->[com.google.firebase:firebase-datatransport:17.0.3] AndroidManifest.xml:30:17-82
183            <meta-data
183-->[com.google.android.gms:play-services-measurement-api:17.2.2] AndroidManifest.xml:30:13-32:85
184                android:name="com.google.firebase.components:com.google.firebase.analytics.connector.internal.AnalyticsConnectorRegistrar"
184-->[com.google.android.gms:play-services-measurement-api:17.2.2] AndroidManifest.xml:31:17-139
185                android:value="com.google.firebase.components.ComponentRegistrar" />
185-->[com.google.android.gms:play-services-measurement-api:17.2.2] AndroidManifest.xml:32:17-82
186            <meta-data
186-->[com.google.firebase:firebase-iid:20.0.2] AndroidManifest.xml:32:13-34:85
187                android:name="com.google.firebase.components:com.google.firebase.iid.Registrar"
187-->[com.google.firebase:firebase-iid:20.0.2] AndroidManifest.xml:33:17-96
188                android:value="com.google.firebase.components.ComponentRegistrar" />
188-->[com.google.firebase:firebase-iid:20.0.2] AndroidManifest.xml:34:17-82
189        </service>
190
191        <activity
191-->[com.google.firebase:firebase-auth:19.2.0] AndroidManifest.xml:24:9-31:50
192            android:name="com.google.firebase.auth.internal.FederatedSignInActivity"
192-->[com.google.firebase:firebase-auth:19.2.0] AndroidManifest.xml:25:13-85
193            android:excludeFromRecents="true"
193-->[com.google.firebase:firebase-auth:19.2.0] AndroidManifest.xml:26:13-46
194            android:exported="true"
194-->[com.google.firebase:firebase-auth:19.2.0] AndroidManifest.xml:27:13-36
195            android:launchMode="singleTask"
195-->[com.google.firebase:firebase-auth:19.2.0] AndroidManifest.xml:28:13-44
196            android:permission="com.google.firebase.auth.api.gms.permission.LAUNCH_FEDERATED_SIGN_IN"
196-->[com.google.firebase:firebase-auth:19.2.0] AndroidManifest.xml:29:13-102
197            android:theme="@android:style/Theme.Translucent.NoTitleBar" />
197-->[com.google.firebase:firebase-auth:19.2.0] AndroidManifest.xml:30:13-72
198        <activity
198-->[com.google.android.gms:play-services-auth:17.0.0] AndroidManifest.xml:23:9-27:75
199            android:name="com.google.android.gms.auth.api.signin.internal.SignInHubActivity"
199-->[com.google.android.gms:play-services-auth:17.0.0] AndroidManifest.xml:24:13-93
200            android:excludeFromRecents="true"
200-->[com.google.android.gms:play-services-auth:17.0.0] AndroidManifest.xml:25:13-46
201            android:exported="false"
201-->[com.google.android.gms:play-services-auth:17.0.0] AndroidManifest.xml:26:13-37
202            android:theme="@android:style/Theme.Translucent.NoTitleBar" />
202-->[com.google.android.gms:play-services-auth:17.0.0] AndroidManifest.xml:27:13-72
203        <!--
204            Service handling Google Sign-In user revocation. For apps that do not integrate with
205            Google Sign-In, this service will never be started.
206        -->
207        <service
207-->[com.google.android.gms:play-services-auth:17.0.0] AndroidManifest.xml:33:9-36:110
208            android:name="com.google.android.gms.auth.api.signin.RevocationBoundService"
208-->[com.google.android.gms:play-services-auth:17.0.0] AndroidManifest.xml:34:13-89
209            android:exported="true"
209-->[com.google.android.gms:play-services-auth:17.0.0] AndroidManifest.xml:35:13-36
210            android:permission="com.google.android.gms.auth.api.signin.permission.REVOCATION_NOTIFICATION" />
210-->[com.google.android.gms:play-services-auth:17.0.0] AndroidManifest.xml:36:13-107
211
212        <receiver
212-->[com.google.firebase:firebase-iid:20.0.2] AndroidManifest.xml:37:9-44:20
213            android:name="com.google.firebase.iid.FirebaseInstanceIdReceiver"
213-->[com.google.firebase:firebase-iid:20.0.2] AndroidManifest.xml:38:13-78
214            android:exported="true"
214-->[com.google.firebase:firebase-iid:20.0.2] AndroidManifest.xml:39:13-36
215            android:permission="com.google.android.c2dm.permission.SEND" >
215-->[com.google.firebase:firebase-iid:20.0.2] AndroidManifest.xml:40:13-73
216            <intent-filter>
216-->[com.google.firebase:firebase-iid:20.0.2] AndroidManifest.xml:41:13-43:29
217                <action android:name="com.google.android.c2dm.intent.RECEIVE" />
217-->[com.google.firebase:firebase-iid:20.0.2] AndroidManifest.xml:42:17-81
217-->[com.google.firebase:firebase-iid:20.0.2] AndroidManifest.xml:42:25-78
218            </intent-filter>
219        </receiver>
220
221        <provider
221-->[com.google.firebase:firebase-common:19.3.0] AndroidManifest.xml:26:9-30:39
222            android:name="com.google.firebase.provider.FirebaseInitProvider"
222-->[com.google.firebase:firebase-common:19.3.0] AndroidManifest.xml:27:13-77
223            android:authorities="com.example.mess_mealmangement.firebaseinitprovider"
223-->[com.google.firebase:firebase-common:19.3.0] AndroidManifest.xml:28:13-72
224            android:exported="false"
224-->[com.google.firebase:firebase-common:19.3.0] AndroidManifest.xml:29:13-37
225            android:initOrder="100" />
225-->[com.google.firebase:firebase-common:19.3.0] AndroidManifest.xml:30:13-36
226
227        <activity
227-->[com.google.android.gms:play-services-base:17.1.0] AndroidManifest.xml:23:9-26:75
228            android:name="com.google.android.gms.common.api.GoogleApiActivity"
228-->[com.google.android.gms:play-services-base:17.1.0] AndroidManifest.xml:24:13-79
229            android:exported="false"
229-->[com.google.android.gms:play-services-base:17.1.0] AndroidManifest.xml:25:13-37
230            android:theme="@android:style/Theme.Translucent.NoTitleBar" />
230-->[com.google.android.gms:play-services-base:17.1.0] AndroidManifest.xml:26:13-72
231
232        <receiver
232-->[com.google.android.gms:play-services-measurement:17.2.2] AndroidManifest.xml:29:9-33:20
233            android:name="com.google.android.gms.measurement.AppMeasurementReceiver"
233-->[com.google.android.gms:play-services-measurement:17.2.2] AndroidManifest.xml:30:13-85
234            android:enabled="true"
234-->[com.google.android.gms:play-services-measurement:17.2.2] AndroidManifest.xml:31:13-35
235            android:exported="false" >
235-->[com.google.android.gms:play-services-measurement:17.2.2] AndroidManifest.xml:32:13-37
236        </receiver>
237        <receiver
237-->[com.google.android.gms:play-services-measurement:17.2.2] AndroidManifest.xml:34:9-42:20
238            android:name="com.google.android.gms.measurement.AppMeasurementInstallReferrerReceiver"
238-->[com.google.android.gms:play-services-measurement:17.2.2] AndroidManifest.xml:35:13-100
239            android:enabled="true"
239-->[com.google.android.gms:play-services-measurement:17.2.2] AndroidManifest.xml:36:13-35
240            android:exported="true"
240-->[com.google.android.gms:play-services-measurement:17.2.2] AndroidManifest.xml:37:13-36
241            android:permission="android.permission.INSTALL_PACKAGES" >
241-->[com.google.android.gms:play-services-measurement:17.2.2] AndroidManifest.xml:38:13-69
242            <intent-filter>
242-->[com.google.android.gms:play-services-measurement:17.2.2] AndroidManifest.xml:39:13-41:29
243                <action android:name="com.android.vending.INSTALL_REFERRER" />
243-->[com.google.android.gms:play-services-measurement:17.2.2] AndroidManifest.xml:40:17-79
243-->[com.google.android.gms:play-services-measurement:17.2.2] AndroidManifest.xml:40:25-76
244            </intent-filter>
245        </receiver>
246
247        <service
247-->[com.google.android.gms:play-services-measurement:17.2.2] AndroidManifest.xml:44:9-47:40
248            android:name="com.google.android.gms.measurement.AppMeasurementService"
248-->[com.google.android.gms:play-services-measurement:17.2.2] AndroidManifest.xml:45:13-84
249            android:enabled="true"
249-->[com.google.android.gms:play-services-measurement:17.2.2] AndroidManifest.xml:46:13-35
250            android:exported="false" />
250-->[com.google.android.gms:play-services-measurement:17.2.2] AndroidManifest.xml:47:13-37
251        <service
251-->[com.google.android.gms:play-services-measurement:17.2.2] AndroidManifest.xml:48:9-52:72
252            android:name="com.google.android.gms.measurement.AppMeasurementJobService"
252-->[com.google.android.gms:play-services-measurement:17.2.2] AndroidManifest.xml:49:13-87
253            android:enabled="true"
253-->[com.google.android.gms:play-services-measurement:17.2.2] AndroidManifest.xml:50:13-35